

Started GET "/josephbirdsong" for 127.0.0.1 at 2014-01-22 17:19:24 -0800
Connecting to database specified by database.yml

ActiveRecord::ConnectionNotEstablished (ActiveRecord::ConnectionNotEstablished):
  activerecord (3.2.12) lib/active_record/connection_adapters/abstract/connection_pool.rb:410:in `retrieve_connection'
  activerecord (3.2.12) lib/active_record/connection_adapters/abstract/connection_specification.rb:171:in `retrieve_connection'
  activerecord (3.2.12) lib/active_record/connection_adapters/abstract/connection_specification.rb:145:in `connection'
  activerecord (3.2.12) lib/active_record/query_cache.rb:67:in `rescue in call'
  activerecord (3.2.12) lib/active_record/query_cache.rb:61:in `call'
  activerecord (3.2.12) lib/active_record/connection_adapters/abstract/connection_pool.rb:479:in `call'
  actionpack (3.2.12) lib/action_dispatch/middleware/callbacks.rb:28:in `block in call'
  activesupport (3.2.12) lib/active_support/callbacks.rb:405:in `_run__2366342721152517602__call__4586446325937352980__callbacks'
  activesupport (3.2.12) lib/active_support/callbacks.rb:405:in `__run_callback'
  activesupport (3.2.12) lib/active_support/callbacks.rb:385:in `_run_call_callbacks'
  activesupport (3.2.12) lib/active_support/callbacks.rb:81:in `run_callbacks'
  actionpack (3.2.12) lib/action_dispatch/middleware/callbacks.rb:27:in `call'
  actionpack (3.2.12) lib/action_dispatch/middleware/reloader.rb:65:in `call'
  actionpack (3.2.12) lib/action_dispatch/middleware/remote_ip.rb:31:in `call'
  actionpack (3.2.12) lib/action_dispatch/middleware/debug_exceptions.rb:16:in `call'
  actionpack (3.2.12) lib/action_dispatch/middleware/show_exceptions.rb:56:in `call'
  railties (3.2.12) lib/rails/rack/logger.rb:32:in `call_app'
  railties (3.2.12) lib/rails/rack/logger.rb:16:in `block in call'
  activesupport (3.2.12) lib/active_support/tagged_logging.rb:22:in `tagged'
  railties (3.2.12) lib/rails/rack/logger.rb:16:in `call'
  actionpack (3.2.12) lib/action_dispatch/middleware/request_id.rb:22:in `call'
  rack (1.4.5) lib/rack/methodoverride.rb:21:in `call'
  rack (1.4.5) lib/rack/runtime.rb:17:in `call'
  activesupport (3.2.12) lib/active_support/cache/strategy/local_cache.rb:72:in `call'
  rack (1.4.5) lib/rack/lock.rb:15:in `call'
  actionpack (3.2.12) lib/action_dispatch/middleware/static.rb:62:in `call'
  railties (3.2.12) lib/rails/engine.rb:479:in `call'
  railties (3.2.12) lib/rails/application.rb:223:in `call'
  railties (3.2.12) lib/rails/railtie/configurable.rb:30:in `method_missing'
  /Users/aaron/Library/Application Support/Pow/Versions/0.4.0/node_modules/nack/lib/nack/server.rb:147:in `handle'
  /Users/aaron/Library/Application Support/Pow/Versions/0.4.0/node_modules/nack/lib/nack/server.rb:99:in `rescue in block (2 levels) in start'
  /Users/aaron/Library/Application Support/Pow/Versions/0.4.0/node_modules/nack/lib/nack/server.rb:96:in `block (2 levels) in start'
  /Users/aaron/Library/Application Support/Pow/Versions/0.4.0/node_modules/nack/lib/nack/server.rb:86:in `each'
  /Users/aaron/Library/Application Support/Pow/Versions/0.4.0/node_modules/nack/lib/nack/server.rb:86:in `block in start'
  /Users/aaron/Library/Application Support/Pow/Versions/0.4.0/node_modules/nack/lib/nack/server.rb:66:in `loop'
  /Users/aaron/Library/Application Support/Pow/Versions/0.4.0/node_modules/nack/lib/nack/server.rb:66:in `start'
  /Users/aaron/Library/Application Support/Pow/Versions/0.4.0/node_modules/nack/lib/nack/server.rb:13:in `run'
  /Users/aaron/Library/Application Support/Pow/Versions/0.4.0/node_modules/nack/bin/nack_worker:4:in `<main>'


  Rendered /Users/aaron/.rvm/gems/ruby-1.9.3-p362/gems/actionpack-3.2.12/lib/action_dispatch/middleware/templates/rescues/_trace.erb (0.8ms)
  Rendered /Users/aaron/.rvm/gems/ruby-1.9.3-p362/gems/actionpack-3.2.12/lib/action_dispatch/middleware/templates/rescues/_request_and_response.erb (2.0ms)
  Rendered /Users/aaron/.rvm/gems/ruby-1.9.3-p362/gems/actionpack-3.2.12/lib/action_dispatch/middleware/templates/rescues/diagnostics.erb within rescues/layout (10.0ms)


Started GET "/josephbirdsong" for 127.0.0.1 at 2014-01-22 17:21:46 -0800

ActiveRecord::ConnectionNotEstablished (ActiveRecord::ConnectionNotEstablished):
  activerecord (3.2.12) lib/active_record/connection_adapters/abstract/connection_pool.rb:410:in `retrieve_connection'
  activerecord (3.2.12) lib/active_record/connection_adapters/abstract/connection_specification.rb:171:in `retrieve_connection'
  activerecord (3.2.12) lib/active_record/connection_adapters/abstract/connection_specification.rb:145:in `connection'
  activerecord (3.2.12) lib/active_record/query_cache.rb:67:in `rescue in call'
  activerecord (3.2.12) lib/active_record/query_cache.rb:61:in `call'
  activerecord (3.2.12) lib/active_record/connection_adapters/abstract/connection_pool.rb:479:in `call'
  actionpack (3.2.12) lib/action_dispatch/middleware/callbacks.rb:28:in `block in call'
  activesupport (3.2.12) lib/active_support/callbacks.rb:405:in `_run__2366342721152517602__call__4586446325937352980__callbacks'
  activesupport (3.2.12) lib/active_support/callbacks.rb:405:in `__run_callback'
  activesupport (3.2.12) lib/active_support/callbacks.rb:385:in `_run_call_callbacks'
  activesupport (3.2.12) lib/active_support/callbacks.rb:81:in `run_callbacks'
  actionpack (3.2.12) lib/action_dispatch/middleware/callbacks.rb:27:in `call'
  actionpack (3.2.12) lib/action_dispatch/middleware/reloader.rb:65:in `call'
  actionpack (3.2.12) lib/action_dispatch/middleware/remote_ip.rb:31:in `call'
  actionpack (3.2.12) lib/action_dispatch/middleware/debug_exceptions.rb:16:in `call'
  actionpack (3.2.12) lib/action_dispatch/middleware/show_exceptions.rb:56:in `call'
  railties (3.2.12) lib/rails/rack/logger.rb:32:in `call_app'
  railties (3.2.12) lib/rails/rack/logger.rb:16:in `block in call'
  activesupport (3.2.12) lib/active_support/tagged_logging.rb:22:in `tagged'
  railties (3.2.12) lib/rails/rack/logger.rb:16:in `call'
  actionpack (3.2.12) lib/action_dispatch/middleware/request_id.rb:22:in `call'
  rack (1.4.5) lib/rack/methodoverride.rb:21:in `call'
  rack (1.4.5) lib/rack/runtime.rb:17:in `call'
  activesupport (3.2.12) lib/active_support/cache/strategy/local_cache.rb:72:in `call'
  rack (1.4.5) lib/rack/lock.rb:15:in `call'
  actionpack (3.2.12) lib/action_dispatch/middleware/static.rb:62:in `call'
  railties (3.2.12) lib/rails/engine.rb:479:in `call'
  railties (3.2.12) lib/rails/application.rb:223:in `call'
  railties (3.2.12) lib/rails/railtie/configurable.rb:30:in `method_missing'
  /Users/aaron/Library/Application Support/Pow/Versions/0.4.0/node_modules/nack/lib/nack/server.rb:147:in `handle'
  /Users/aaron/Library/Application Support/Pow/Versions/0.4.0/node_modules/nack/lib/nack/server.rb:99:in `rescue in block (2 levels) in start'
  /Users/aaron/Library/Application Support/Pow/Versions/0.4.0/node_modules/nack/lib/nack/server.rb:96:in `block (2 levels) in start'
  /Users/aaron/Library/Application Support/Pow/Versions/0.4.0/node_modules/nack/lib/nack/server.rb:86:in `each'
  /Users/aaron/Library/Application Support/Pow/Versions/0.4.0/node_modules/nack/lib/nack/server.rb:86:in `block in start'
  /Users/aaron/Library/Application Support/Pow/Versions/0.4.0/node_modules/nack/lib/nack/server.rb:66:in `loop'
  /Users/aaron/Library/Application Support/Pow/Versions/0.4.0/node_modules/nack/lib/nack/server.rb:66:in `start'
  /Users/aaron/Library/Application Support/Pow/Versions/0.4.0/node_modules/nack/lib/nack/server.rb:13:in `run'
  /Users/aaron/Library/Application Support/Pow/Versions/0.4.0/node_modules/nack/bin/nack_worker:4:in `<main>'


  Rendered /Users/aaron/.rvm/gems/ruby-1.9.3-p362/gems/actionpack-3.2.12/lib/action_dispatch/middleware/templates/rescues/_trace.erb (0.8ms)
  Rendered /Users/aaron/.rvm/gems/ruby-1.9.3-p362/gems/actionpack-3.2.12/lib/action_dispatch/middleware/templates/rescues/_request_and_response.erb (0.6ms)
  Rendered /Users/aaron/.rvm/gems/ruby-1.9.3-p362/gems/actionpack-3.2.12/lib/action_dispatch/middleware/templates/rescues/diagnostics.erb within rescues/layout (6.2ms)


Started GET "/josephbirdsong" for 127.0.0.1 at 2014-01-22 17:22:07 -0800

ActiveRecord::ConnectionNotEstablished (ActiveRecord::ConnectionNotEstablished):
  activerecord (3.2.12) lib/active_record/connection_adapters/abstract/connection_pool.rb:410:in `retrieve_connection'
  activerecord (3.2.12) lib/active_record/connection_adapters/abstract/connection_specification.rb:171:in `retrieve_connection'
  activerecord (3.2.12) lib/active_record/connection_adapters/abstract/connection_specification.rb:145:in `connection'
  activerecord (3.2.12) lib/active_record/query_cache.rb:67:in `rescue in call'
  activerecord (3.2.12) lib/active_record/query_cache.rb:61:in `call'
  activerecord (3.2.12) lib/active_record/connection_adapters/abstract/connection_pool.rb:479:in `call'
  actionpack (3.2.12) lib/action_dispatch/middleware/callbacks.rb:28:in `block in call'
  activesupport (3.2.12) lib/active_support/callbacks.rb:405:in `_run__2366342721152517602__call__4586446325937352980__callbacks'
  activesupport (3.2.12) lib/active_support/callbacks.rb:405:in `__run_callback'
  activesupport (3.2.12) lib/active_support/callbacks.rb:385:in `_run_call_callbacks'
  activesupport (3.2.12) lib/active_support/callbacks.rb:81:in `run_callbacks'
  actionpack (3.2.12) lib/action_dispatch/middleware/callbacks.rb:27:in `call'
  actionpack (3.2.12) lib/action_dispatch/middleware/reloader.rb:65:in `call'
  actionpack (3.2.12) lib/action_dispatch/middleware/remote_ip.rb:31:in `call'
  actionpack (3.2.12) lib/action_dispatch/middleware/debug_exceptions.rb:16:in `call'
  actionpack (3.2.12) lib/action_dispatch/middleware/show_exceptions.rb:56:in `call'
  railties (3.2.12) lib/rails/rack/logger.rb:32:in `call_app'
  railties (3.2.12) lib/rails/rack/logger.rb:16:in `block in call'
  activesupport (3.2.12) lib/active_support/tagged_logging.rb:22:in `tagged'
  railties (3.2.12) lib/rails/rack/logger.rb:16:in `call'
  actionpack (3.2.12) lib/action_dispatch/middleware/request_id.rb:22:in `call'
  rack (1.4.5) lib/rack/methodoverride.rb:21:in `call'
  rack (1.4.5) lib/rack/runtime.rb:17:in `call'
  activesupport (3.2.12) lib/active_support/cache/strategy/local_cache.rb:72:in `call'
  rack (1.4.5) lib/rack/lock.rb:15:in `call'
  actionpack (3.2.12) lib/action_dispatch/middleware/static.rb:62:in `call'
  railties (3.2.12) lib/rails/engine.rb:479:in `call'
  railties (3.2.12) lib/rails/application.rb:223:in `call'
  railties (3.2.12) lib/rails/railtie/configurable.rb:30:in `method_missing'
  /Users/aaron/Library/Application Support/Pow/Versions/0.4.0/node_modules/nack/lib/nack/server.rb:147:in `handle'
  /Users/aaron/Library/Application Support/Pow/Versions/0.4.0/node_modules/nack/lib/nack/server.rb:99:in `rescue in block (2 levels) in start'
  /Users/aaron/Library/Application Support/Pow/Versions/0.4.0/node_modules/nack/lib/nack/server.rb:96:in `block (2 levels) in start'
  /Users/aaron/Library/Application Support/Pow/Versions/0.4.0/node_modules/nack/lib/nack/server.rb:86:in `each'
  /Users/aaron/Library/Application Support/Pow/Versions/0.4.0/node_modules/nack/lib/nack/server.rb:86:in `block in start'
  /Users/aaron/Library/Application Support/Pow/Versions/0.4.0/node_modules/nack/lib/nack/server.rb:66:in `loop'
  /Users/aaron/Library/Application Support/Pow/Versions/0.4.0/node_modules/nack/lib/nack/server.rb:66:in `start'
  /Users/aaron/Library/Application Support/Pow/Versions/0.4.0/node_modules/nack/lib/nack/server.rb:13:in `run'
  /Users/aaron/Library/Application Support/Pow/Versions/0.4.0/node_modules/nack/bin/nack_worker:4:in `<main>'


  Rendered /Users/aaron/.rvm/gems/ruby-1.9.3-p362/gems/actionpack-3.2.12/lib/action_dispatch/middleware/templates/rescues/_trace.erb (0.8ms)
  Rendered /Users/aaron/.rvm/gems/ruby-1.9.3-p362/gems/actionpack-3.2.12/lib/action_dispatch/middleware/templates/rescues/_request_and_response.erb (0.7ms)
  Rendered /Users/aaron/.rvm/gems/ruby-1.9.3-p362/gems/actionpack-3.2.12/lib/action_dispatch/middleware/templates/rescues/diagnostics.erb within rescues/layout (5.5ms)


Started GET "/josephbirdsong" for 127.0.0.1 at 2014-01-22 17:23:19 -0800
Processing by FeedController#for_channel as HTML
  Parameters: {"channel_name"=>"josephbirdsong"}
Completed 500 Internal Server Error in 138ms

JSON::ParserError (743: unexpected token at '<?xml version='1.0' encoding='UTF-8'?><errors><error><domain>yt:quota</domain><code>too_many_recent_calls</code></error></errors>'):
  app/controllers/feed_controller.rb:13:in `feed_entries'
  app/controllers/feed_controller.rb:4:in `for_channel'


  Rendered /Users/aaron/.rvm/gems/ruby-1.9.3-p362/gems/actionpack-3.2.12/lib/action_dispatch/middleware/templates/rescues/_trace.erb (0.9ms)
  Rendered /Users/aaron/.rvm/gems/ruby-1.9.3-p362/gems/actionpack-3.2.12/lib/action_dispatch/middleware/templates/rescues/_request_and_response.erb (0.6ms)
  Rendered /Users/aaron/.rvm/gems/ruby-1.9.3-p362/gems/actionpack-3.2.12/lib/action_dispatch/middleware/templates/rescues/diagnostics.erb within rescues/layout (6.8ms)


Started GET "/josephbirdsong" for 127.0.0.1 at 2014-01-22 17:24:44 -0800
Processing by FeedController#for_channel as HTML
  Parameters: {"channel_name"=>"josephbirdsong"}
Completed 500 Internal Server Error in 127ms

JSON::ParserError (743: unexpected token at '<?xml version='1.0' encoding='UTF-8'?><errors><error><domain>yt:quota</domain><code>too_many_recent_calls</code></error></errors>'):
  app/controllers/feed_controller.rb:13:in `feed_entries'
  app/controllers/feed_controller.rb:4:in `for_channel'


  Rendered /Users/aaron/.rvm/gems/ruby-1.9.3-p362/gems/actionpack-3.2.12/lib/action_dispatch/middleware/templates/rescues/_trace.erb (0.9ms)
  Rendered /Users/aaron/.rvm/gems/ruby-1.9.3-p362/gems/actionpack-3.2.12/lib/action_dispatch/middleware/templates/rescues/_request_and_response.erb (0.6ms)
  Rendered /Users/aaron/.rvm/gems/ruby-1.9.3-p362/gems/actionpack-3.2.12/lib/action_dispatch/middleware/templates/rescues/diagnostics.erb within rescues/layout (5.8ms)


Started GET "/josephbirdsong" for 127.0.0.1 at 2014-01-22 18:29:47 -0800
Processing by FeedController#for_channel as HTML
  Parameters: {"channel_name"=>"josephbirdsong"}
Completed 406 Not Acceptable in 627ms


Started GET "/josephbirdsong.atom" for 127.0.0.1 at 2014-01-22 18:31:12 -0800
Processing by FeedController#for_channel as ATOM
  Parameters: {"channel_name"=>"josephbirdsong"}
  Rendered feed/for_channel.atom.builder (17.6ms)
Completed 500 Internal Server Error in 180ms

ActionView::Template::Error (undefined method `id' for #<Hash:0x007ff593303de8>):
    2:   feed.title "#{params[:channel_name]}'s Uploads"
    3:   feed.updated Time.now
    4:   @feed_entries.each do |item|
    5:     feed.entry item do |entry|
    6:       entry.title item["title"]["$t"]
    7:       entry.link item["link"].first["href"]
    8:       entry.content <<EMBED
  app/views/feed/for_channel.atom.builder:5:in `block (2 levels) in _app_views_feed_for_channel_atom_builder__529570192516091670_70346357222780'
  app/views/feed/for_channel.atom.builder:4:in `each'
  app/views/feed/for_channel.atom.builder:4:in `block in _app_views_feed_for_channel_atom_builder__529570192516091670_70346357222780'
  app/views/feed/for_channel.atom.builder:1:in `_app_views_feed_for_channel_atom_builder__529570192516091670_70346357222780'
  app/controllers/feed_controller.rb:6:in `for_channel'


  Rendered /Users/aaron/.rvm/gems/ruby-1.9.3-p362/gems/actionpack-3.2.12/lib/action_dispatch/middleware/templates/rescues/_trace.erb (1.0ms)
  Rendered /Users/aaron/.rvm/gems/ruby-1.9.3-p362/gems/actionpack-3.2.12/lib/action_dispatch/middleware/templates/rescues/_request_and_response.erb (0.6ms)
  Rendered /Users/aaron/.rvm/gems/ruby-1.9.3-p362/gems/actionpack-3.2.12/lib/action_dispatch/middleware/templates/rescues/template_error.erb within rescues/layout (8.9ms)


Started GET "/josephbirdsong.atom" for 127.0.0.1 at 2014-01-22 18:34:01 -0800
Processing by FeedController#for_channel as ATOM
  Parameters: {"channel_name"=>"josephbirdsong"}
  Rendered feed/for_channel.atom.builder (1.6ms)
Completed 500 Internal Server Error in 514ms

ActionView::Template::Error (wrong number of arguments (0 for 1)):
    2:   feed.title "#{params[:channel_name]}'s Uploads"
    3:   feed.updated Time.now
    4:   @feed_entries.each do |item|
    5:     feed.entry do |entry|
    6:       entry.id item["media$group"]["yt$videoid"]["$t"]
    7:       entry.title item["title"]["$t"]
    8:       entry.link item["link"].first["href"]
  app/views/feed/for_channel.atom.builder:5:in `block (2 levels) in _app_views_feed_for_channel_atom_builder__529570192516091670_70346357601100'
  app/views/feed/for_channel.atom.builder:4:in `each'
  app/views/feed/for_channel.atom.builder:4:in `block in _app_views_feed_for_channel_atom_builder__529570192516091670_70346357601100'
  app/views/feed/for_channel.atom.builder:1:in `_app_views_feed_for_channel_atom_builder__529570192516091670_70346357601100'
  app/controllers/feed_controller.rb:6:in `for_channel'


  Rendered /Users/aaron/.rvm/gems/ruby-1.9.3-p362/gems/actionpack-3.2.12/lib/action_dispatch/middleware/templates/rescues/_trace.erb (0.9ms)
  Rendered /Users/aaron/.rvm/gems/ruby-1.9.3-p362/gems/actionpack-3.2.12/lib/action_dispatch/middleware/templates/rescues/_request_and_response.erb (0.6ms)
  Rendered /Users/aaron/.rvm/gems/ruby-1.9.3-p362/gems/actionpack-3.2.12/lib/action_dispatch/middleware/templates/rescues/template_error.erb within rescues/layout (5.4ms)


Started GET "/josephbirdsong.atom" for 127.0.0.1 at 2014-01-22 18:36:07 -0800
Processing by FeedController#for_channel as ATOM
  Parameters: {"channel_name"=>"josephbirdsong"}
  Rendered feed/for_channel.atom.builder (1.6ms)
Completed 500 Internal Server Error in 528ms

ActionView::Template::Error (undefined method `id' for #<Hash:0x007ff5931082a0>):
    2:   feed.title "#{params[:channel_name]}'s Uploads"
    3:   feed.updated Time.now
    4:   @feed_entries.each do |item|
    5:     feed.entry item do |entry|
    6:       entry.id item["media$group"]["yt$videoid"]["$t"]
    7:       entry.title item["title"]["$t"]
    8:       entry.link item["link"].first["href"]
  app/views/feed/for_channel.atom.builder:5:in `block (2 levels) in _app_views_feed_for_channel_atom_builder__529570192516091670_70346356401980'
  app/views/feed/for_channel.atom.builder:4:in `each'
  app/views/feed/for_channel.atom.builder:4:in `block in _app_views_feed_for_channel_atom_builder__529570192516091670_70346356401980'
  app/views/feed/for_channel.atom.builder:1:in `_app_views_feed_for_channel_atom_builder__529570192516091670_70346356401980'
  app/controllers/feed_controller.rb:6:in `for_channel'


  Rendered /Users/aaron/.rvm/gems/ruby-1.9.3-p362/gems/actionpack-3.2.12/lib/action_dispatch/middleware/templates/rescues/_trace.erb (0.9ms)
  Rendered /Users/aaron/.rvm/gems/ruby-1.9.3-p362/gems/actionpack-3.2.12/lib/action_dispatch/middleware/templates/rescues/_request_and_response.erb (0.6ms)
  Rendered /Users/aaron/.rvm/gems/ruby-1.9.3-p362/gems/actionpack-3.2.12/lib/action_dispatch/middleware/templates/rescues/template_error.erb within rescues/layout (5.3ms)


Started GET "/josephbirdsong.atom" for 127.0.0.1 at 2014-01-22 18:38:14 -0800
Processing by FeedController#for_channel as ATOM
  Parameters: {"channel_name"=>"josephbirdsong"}
  Rendered feed/for_channel.atom.builder (1.4ms)
Completed 500 Internal Server Error in 472ms

ActionView::Template::Error (Nil location provided. Can't build URI.):
    5:     def item.id
    6:       self["media$group"]["yt$videoid"]["$t"]
    7:     end
    8:     feed.entry item do |entry|
    9:       entry.id item["media$group"]["yt$videoid"]["$t"]
    10:       entry.title item["title"]["$t"]
    11:       entry.link item["link"].first["href"]
  app/views/feed/for_channel.atom.builder:8:in `block (2 levels) in _app_views_feed_for_channel_atom_builder__529570192516091670_70346356833880'
  app/views/feed/for_channel.atom.builder:4:in `each'
  app/views/feed/for_channel.atom.builder:4:in `block in _app_views_feed_for_channel_atom_builder__529570192516091670_70346356833880'
  app/views/feed/for_channel.atom.builder:1:in `_app_views_feed_for_channel_atom_builder__529570192516091670_70346356833880'
  app/controllers/feed_controller.rb:6:in `for_channel'


  Rendered /Users/aaron/.rvm/gems/ruby-1.9.3-p362/gems/actionpack-3.2.12/lib/action_dispatch/middleware/templates/rescues/_trace.erb (0.8ms)
  Rendered /Users/aaron/.rvm/gems/ruby-1.9.3-p362/gems/actionpack-3.2.12/lib/action_dispatch/middleware/templates/rescues/_request_and_response.erb (0.6ms)
  Rendered /Users/aaron/.rvm/gems/ruby-1.9.3-p362/gems/actionpack-3.2.12/lib/action_dispatch/middleware/templates/rescues/template_error.erb within rescues/layout (5.2ms)


Started GET "/josephbirdsong.atom" for 127.0.0.1 at 2014-01-22 19:02:56 -0800
Processing by FeedController#for_channel as ATOM
  Parameters: {"channel_name"=>"josephbirdsong"}
  Rendered feed/for_channel.atom.builder (1.4ms)
Completed 500 Internal Server Error in 639ms

ActionView::Template::Error (Nil location provided. Can't build URI.):
    8:     def item.location
    9:       self["link"].first["href"]
    10:     end
    11:     feed.entry item do |entry|
    12:       entry.id item["media$group"]["yt$videoid"]["$t"]
    13:       entry.title item["title"]["$t"]
    14:       entry.link item["link"].first["href"]
  app/views/feed/for_channel.atom.builder:11:in `block (2 levels) in _app_views_feed_for_channel_atom_builder__529570192516091670_70346357741080'
  app/views/feed/for_channel.atom.builder:4:in `each'
  app/views/feed/for_channel.atom.builder:4:in `block in _app_views_feed_for_channel_atom_builder__529570192516091670_70346357741080'
  app/views/feed/for_channel.atom.builder:1:in `_app_views_feed_for_channel_atom_builder__529570192516091670_70346357741080'
  app/controllers/feed_controller.rb:6:in `for_channel'


  Rendered /Users/aaron/.rvm/gems/ruby-1.9.3-p362/gems/actionpack-3.2.12/lib/action_dispatch/middleware/templates/rescues/_trace.erb (0.9ms)
  Rendered /Users/aaron/.rvm/gems/ruby-1.9.3-p362/gems/actionpack-3.2.12/lib/action_dispatch/middleware/templates/rescues/_request_and_response.erb (0.6ms)
  Rendered /Users/aaron/.rvm/gems/ruby-1.9.3-p362/gems/actionpack-3.2.12/lib/action_dispatch/middleware/templates/rescues/template_error.erb within rescues/layout (6.3ms)


Started GET "/josephbirdsong.atom" for 127.0.0.1 at 2014-01-22 20:15:50 -0800
Processing by FeedController#for_channel as ATOM
  Parameters: {"channel_name"=>"josephbirdsong"}
  Rendered feed/for_channel.atom.builder (11.9ms)
Completed 500 Internal Server Error in 264ms

ActionView::Template::Error (Nil location provided. Can't build URI.):
    2:   feed.title "#{params[:channel_name]}'s Uploads"
    3:   feed.updated Time.now
    4:   @feed_entries.each do |item|
    5:     feed.entry item, {id:item["media$group"]["yt$videoid"]["$t"]} do |entry|
    6:       entry.id item["media$group"]["yt$videoid"]["$t"]
    7:       entry.title item["title"]["$t"]
    8:       entry.link item["link"].first["href"]
  app/views/feed/for_channel.atom.builder:5:in `block (2 levels) in _app_views_feed_for_channel_atom_builder__3498996141191277546_70124780322080'
  app/views/feed/for_channel.atom.builder:4:in `each'
  app/views/feed/for_channel.atom.builder:4:in `block in _app_views_feed_for_channel_atom_builder__3498996141191277546_70124780322080'
  app/views/feed/for_channel.atom.builder:1:in `_app_views_feed_for_channel_atom_builder__3498996141191277546_70124780322080'
  app/controllers/feed_controller.rb:6:in `for_channel'


  Rendered /Users/aaron/.rvm/gems/ruby-1.9.3-p362/gems/actionpack-3.2.12/lib/action_dispatch/middleware/templates/rescues/_trace.erb (0.9ms)
  Rendered /Users/aaron/.rvm/gems/ruby-1.9.3-p362/gems/actionpack-3.2.12/lib/action_dispatch/middleware/templates/rescues/_request_and_response.erb (0.6ms)
  Rendered /Users/aaron/.rvm/gems/ruby-1.9.3-p362/gems/actionpack-3.2.12/lib/action_dispatch/middleware/templates/rescues/template_error.erb within rescues/layout (9.3ms)


Started GET "/josephbirdsong.atom" for 127.0.0.1 at 2014-01-22 20:17:22 -0800
Processing by FeedController#for_channel as ATOM
  Parameters: {"channel_name"=>"josephbirdsong"}
  Rendered feed/for_channel.atom.builder (1.6ms)
Completed 500 Internal Server Error in 112ms

ActionView::Template::Error (can't convert String into Integer):
    10: <iframe width="560" height="315" src="//www.youtube.com/embed/#{item["media$group"]["yt$videoid"]["$t"]}" frameborder="0" allowfullscreen></iframe>
    11: EMBED
    12:       entry.author do |author|
    13:         author.name item["author"]["name"]["$t"]
    14:       end
    15:     end
    16:   end
  app/views/feed/for_channel.atom.builder:13:in `[]'
  app/views/feed/for_channel.atom.builder:13:in `block (4 levels) in _app_views_feed_for_channel_atom_builder__3498996141191277546_70124779328700'
  app/views/feed/for_channel.atom.builder:12:in `block (3 levels) in _app_views_feed_for_channel_atom_builder__3498996141191277546_70124779328700'
  app/views/feed/for_channel.atom.builder:5:in `block (2 levels) in _app_views_feed_for_channel_atom_builder__3498996141191277546_70124779328700'
  app/views/feed/for_channel.atom.builder:4:in `each'
  app/views/feed/for_channel.atom.builder:4:in `block in _app_views_feed_for_channel_atom_builder__3498996141191277546_70124779328700'
  app/views/feed/for_channel.atom.builder:1:in `_app_views_feed_for_channel_atom_builder__3498996141191277546_70124779328700'
  app/controllers/feed_controller.rb:6:in `for_channel'


  Rendered /Users/aaron/.rvm/gems/ruby-1.9.3-p362/gems/actionpack-3.2.12/lib/action_dispatch/middleware/templates/rescues/_trace.erb (0.9ms)
  Rendered /Users/aaron/.rvm/gems/ruby-1.9.3-p362/gems/actionpack-3.2.12/lib/action_dispatch/middleware/templates/rescues/_request_and_response.erb (0.6ms)
  Rendered /Users/aaron/.rvm/gems/ruby-1.9.3-p362/gems/actionpack-3.2.12/lib/action_dispatch/middleware/templates/rescues/template_error.erb within rescues/layout (5.5ms)


Started GET "/josephbirdsong.atom" for 127.0.0.1 at 2014-01-22 20:18:27 -0800
Processing by FeedController#for_channel as ATOM
  Parameters: {"channel_name"=>"josephbirdsong"}
  Rendered feed/for_channel.atom.builder (1.4ms)
Completed 200 OK in 613ms (Views: 2.5ms)


Started GET "/josephbirdsong.atom" for 127.0.0.1 at 2014-01-22 20:19:03 -0800
Processing by FeedController#for_channel as ATOM
  Parameters: {"channel_name"=>"josephbirdsong"}
  Rendered feed/for_channel.atom.builder (1.6ms)
Completed 200 OK in 96ms (Views: 3.1ms)


Started GET "/josephbirdsong.atom" for 127.0.0.1 at 2014-01-22 20:19:03 -0800
Processing by FeedController#for_channel as ATOM
  Parameters: {"channel_name"=>"josephbirdsong"}
  Rendered feed/for_channel.atom.builder (1.2ms)
Completed 200 OK in 110ms (Views: 2.3ms)


Started GET "/apple-touch-icon" for 127.0.0.1 at 2014-01-22 20:19:05 -0800
Processing by FeedController#for_channel as */*
  Parameters: {"channel_name"=>"apple-touch-icon"}
Completed 500 Internal Server Error in 67ms

JSON::ParserError (743: unexpected token at '<errors xmlns='http://schemas.google.com/g/2005'><error><domain>GData</domain><code>InvalidRequestUriException</code><internalReason>Invalid value for parameter: username</internalReason></error></errors>'):
  app/controllers/feed_controller.rb:13:in `feed_entries'
  app/controllers/feed_controller.rb:4:in `for_channel'


  Rendered /Users/aaron/.rvm/gems/ruby-1.9.3-p362/gems/actionpack-3.2.12/lib/action_dispatch/middleware/templates/rescues/_trace.erb (0.9ms)
  Rendered /Users/aaron/.rvm/gems/ruby-1.9.3-p362/gems/actionpack-3.2.12/lib/action_dispatch/middleware/templates/rescues/_request_and_response.erb (0.6ms)
  Rendered /Users/aaron/.rvm/gems/ruby-1.9.3-p362/gems/actionpack-3.2.12/lib/action_dispatch/middleware/templates/rescues/diagnostics.erb within rescues/layout (6.9ms)


Started GET "/josephbirdsong.atom" for 127.0.0.1 at 2014-01-22 20:19:06 -0800
Processing by FeedController#for_channel as ATOM
  Parameters: {"channel_name"=>"josephbirdsong"}
  Rendered feed/for_channel.atom.builder (8.0ms)
Completed 200 OK in 121ms (Views: 10.1ms)


Started GET "/josephbirdsong.atom" for 127.0.0.1 at 2014-01-22 20:19:06 -0800
Processing by FeedController#for_channel as ATOM
  Parameters: {"channel_name"=>"josephbirdsong"}
  Rendered feed/for_channel.atom.builder (1.4ms)
Completed 200 OK in 81ms (Views: 2.8ms)


Started GET "/josephbirdsong.atom" for 127.0.0.1 at 2014-01-22 20:19:07 -0800
Processing by FeedController#for_channel as ATOM
  Parameters: {"channel_name"=>"josephbirdsong"}
  Rendered feed/for_channel.atom.builder (1.2ms)
Completed 200 OK in 106ms (Views: 2.3ms)


Started GET "/josephbirdsong.atom" for 127.0.0.1 at 2014-01-22 20:49:28 -0800
Processing by FeedController#for_channel as ATOM
  Parameters: {"channel_name"=>"josephbirdsong"}
  Rendered feed/for_channel.atom.builder (1.5ms)
Completed 200 OK in 177ms (Views: 3.0ms)
